#
# A fatal error has been detected by the Java Runtime Environment:
#
#  Internal Error (os_windows_x86.cpp:114), pid=6064, tid=10708
#  Error: guarantee(result == -1,"Unexpected result from topLevelExceptionFilter")
#
# JRE version: 6.0_17-b04
# Java VM: Java HotSpot(TM) 64-Bit Server VM (14.3-b01 mixed mode windows-amd64 )
# If you would like to submit a bug report, please visit:
#   http://java.sun.com/webapps/bugreport/crash.jsp
# The crash happened outside the Java Virtual Machine in native code.
# See problematic frame for where to report the bug.
#

---------------  T H R E A D  ---------------

Current thread (0x0000000065db1800):  JavaThread "FileDecorationCache request queue" [_thread_in_native, id=10708, stack(0x0000000017650000,0x00000000176d0000)]

Stack: [0x0000000017650000,0x00000000176d0000]
[error occurred during error reporting (printing stack bounds), id 0xc0000005]

Java frames: (J=compiled Java code, j=interpreted, Vv=VM code)
j  com.mathworks.toolbox.simulink.desktopintegration.MDLFileInfoReader.parse(Ljava/io/InputStream;)V+0
j  com.mathworks.toolbox.simulink.desktopintegration.MDLFileInfoReader.run()V+21
j  com.mathworks.toolbox.simulink.desktopintegration.MDLFileInfoReader.<init>(Lcom/mathworks/matlab/api/explorer/FileSystemEntry;)V+59
v  ~StubRoutines::call_stub
j  sun.reflect.NativeConstructorAccessorImpl.newInstance0(Ljava/lang/reflect/Constructor;[Ljava/lang/Object;)Ljava/lang/Object;+0
j  sun.reflect.NativeConstructorAccessorImpl.newInstance([Ljava/lang/Object;)Ljava/lang/Object;+72
j  sun.reflect.DelegatingConstructorAccessorImpl.newInstance([Ljava/lang/Object;)Ljava/lang/Object;+5
j  java.lang.reflect.Constructor.newInstance([Ljava/lang/Object;)Ljava/lang/Object;+92
j  com.mathworks.mlwidgets.explorer.model.FileDecorationModel$SimpleInstantiator.run(Lcom/mathworks/util/ParameterRunnable;Ljava/lang/Runnable;)V+11
j  com.mathworks.mlwidgets.explorer.model.FileDecorationModel$3$1.run()V+15
j  com.mathworks.util.RequestQueue.execute()V+65
j  com.mathworks.util.RequestQueue.access$000(Lcom/mathworks/util/RequestQueue;)V+1
j  com.mathworks.util.RequestQueue$2.run()V+4
j  java.lang.Thread.run()V+11
v  ~StubRoutines::call_stub

---------------  P R O C E S S  ---------------

Java Threads: ( => current thread )
=>0x0000000065db1800 JavaThread "FileDecorationCache request queue" [_thread_in_native, id=10708, stack(0x0000000017650000,0x00000000176d0000)]
  0x0000000065dac800 JavaThread "Timer-243" [_thread_blocked, id=10252, stack(0x0000000017aa0000,0x0000000017b20000)]
  0x0000000065daf800 JavaThread "Timer-242" [_thread_blocked, id=9720, stack(0x00000000174f0000,0x0000000017570000)]
  0x0000000065dae000 JavaThread "Swing-Shell" daemon [_thread_blocked, id=9620, stack(0x00000000182e0000,0x0000000018360000)]
  0x0000000065daf000 JavaThread "Timer-153" [_thread_blocked, id=11836, stack(0x0000000017c20000,0x0000000017ca0000)]
  0x00000000611a2800 JavaThread "pool-3-thread-1" [_thread_blocked, id=9000, stack(0x0000000015de0000,0x0000000015e60000)]
  0x00000000611a3800 JavaThread "Foxtrot Single Worker Thread #1" daemon [_thread_blocked, id=4808, stack(0x0000000017280000,0x0000000017300000)]
  0x00000000611a2000 JavaThread "Code Analyzer updating thread" [_thread_blocked, id=5768, stack(0x0000000015d60000,0x0000000015de0000)]
  0x00000000611a1000 JavaThread "pool-4-thread-1" [_thread_blocked, id=7076, stack(0x0000000015b20000,0x0000000015ba0000)]
  0x000000006119c000 JavaThread "pool-1-thread-1" [_thread_blocked, id=11884, stack(0x00000000158e0000,0x0000000015960000)]
  0x00000000611a0800 JavaThread "Code Analyzer updating thread" [_thread_blocked, id=1844, stack(0x0000000015760000,0x00000000157e0000)]
  0x00000000611a0000 JavaThread "Active Reference Queue Daemon" daemon [_thread_blocked, id=3664, stack(0x0000000015970000,0x00000000159f0000)]
  0x000000006119e800 JavaThread "Timer-35" daemon [_thread_blocked, id=7232, stack(0x00000000156a0000,0x0000000015720000)]
  0x000000006119d800 JavaThread "Prefs Updater" daemon [_thread_blocked, id=8684, stack(0x0000000015850000,0x00000000158d0000)]
  0x000000006119f000 JavaThread "Timer-7" daemon [_thread_blocked, id=3328, stack(0x0000000065500000,0x0000000065580000)]
  0x000000006119d000 JavaThread "Explorer NavigationContext request queue" [_thread_blocked, id=9248, stack(0x0000000065450000,0x00000000654d0000)]
  0x000000006119b800 JavaThread "AddressBar directory emptiness poller" [_thread_blocked, id=9904, stack(0x0000000019060000,0x00000000190e0000)]
  0x000000006119a800 JavaThread "Explorer Refresh Service 1930054194" [_thread_blocked, id=7020, stack(0x0000000065260000,0x00000000652e0000)]
  0x0000000061199800 JavaThread "Timer-1" daemon [_thread_blocked, id=9532, stack(0x0000000065060000,0x00000000650e0000)]
  0x0000000061198800 JavaThread "TimerQueue" daemon [_thread_blocked, id=7668, stack(0x000000002d420000,0x000000002d4a0000)]
  0x0000000061198000 JavaThread "Thread-5" daemon [_thread_blocked, id=8536, stack(0x000000000fca0000,0x000000000fd20000)]
  0x0000000061197000 JavaThread "AWT-EventQueue-0" [_thread_blocked, id=1864, stack(0x000000000ff00000,0x000000000ff80000)]
  0x0000000061194000 JavaThread "AWT-Shutdown" [_thread_blocked, id=1404, stack(0x000000000fc00000,0x000000000fc80000)]
  0x0000000061196800 JavaThread "FelixPackageAdmin" daemon [_thread_blocked, id=5928, stack(0x000000000fde0000,0x000000000fe60000)]
  0x0000000061195800 JavaThread "FelixStartLevel" daemon [_thread_blocked, id=6076, stack(0x0000000010ea0000,0x0000000010f20000)]
  0x0000000061195000 JavaThread "FelixDispatchQueue" daemon [_thread_blocked, id=8328, stack(0x000000000f930000,0x000000000f9b0000)]
  0x0000000060f29800 JavaThread "com.google.common.base.internal.Finalizer" daemon [_thread_blocked, id=1904, stack(0x000000000f790000,0x000000000f810000)]
  0x0000000060dd9000 JavaThread "AWT-Windows" daemon [_thread_in_native, id=10832, stack(0x000000000f490000,0x000000000f510000)]
  0x0000000060dd7800 JavaThread "Java2D Disposer" daemon [_thread_blocked, id=3612, stack(0x000000000f2b0000,0x000000000f330000)]
  0x000000000ea6a000 JavaThread "Timer-0" [_thread_blocked, id=12204, stack(0x000000000f140000,0x000000000f1c0000)]
  0x000000000eff3800 JavaThread "EventMgr Dispatcher" daemon [_thread_in_native, id=12092, stack(0x0000000008960000,0x000000000c960000)]
  0x000000000d76f000 JavaThread "Low Memory Detector" daemon [_thread_blocked, id=5800, stack(0x000000000e3d0000,0x000000000e450000)]
  0x000000000d76a800 JavaThread "CompilerThread1" daemon [_thread_blocked, id=8980, stack(0x0000000084120000,0x0000000088120000)]
  0x000000000d760800 JavaThread "CompilerThread0" daemon [_thread_blocked, id=8736, stack(0x0000000080000000,0x0000000084000000)]
  0x000000000d75f000 JavaThread "Attach Listener" daemon [_thread_blocked, id=3360, stack(0x000000000d960000,0x000000000d9e0000)]
  0x000000000d70b800 JavaThread "Finalizer" daemon [_thread_blocked, id=11792, stack(0x000000000d460000,0x000000000d4e0000)]
  0x0000000005b8b000 JavaThread "Reference Handler" daemon [_thread_blocked, id=7876, stack(0x000000000d530000,0x000000000d5b0000)]
  0x0000000005a8e800 JavaThread "main" [_thread_in_native, id=11912, stack(0x0000000000220000,0x0000000004220000)]

Other Threads:
  0x000000000d702800 VMThread [stack: 0x000000005cbb0000,0x0000000060bb0000] [id=10508]
  0x000000000d79d800 WatcherThread [stack: 0x0000000088230000,0x000000008c230000] [id=11744]

VM state:not at safepoint (normal execution)

VM Mutex/Monitor currently owned by a thread: None

Heap
 PSYoungGen      total 36608K, used 34270K [0x0000000049840000, 0x000000004c5c0000, 0x000000004c940000)
  eden space 36224K, 93% used [0x0000000049840000,0x000000004b957aa0,0x000000004bba0000)
  from space 384K, 100% used [0x000000004c560000,0x000000004c5c0000,0x000000004c5c0000)
  to   space 1984K, 0% used [0x000000004c1e0000,0x000000004c1e0000,0x000000004c3d0000)
 PSOldGen        total 70784K, used 63523K [0x0000000040540000, 0x0000000044a60000, 0x0000000049840000)
  object space 70784K, 89% used [0x0000000040540000,0x0000000044348c48,0x0000000044a60000)
 PSPermGen       total 125440K, used 71840K [0x0000000038540000, 0x000000003ffc0000, 0x0000000040540000)
  object space 125440K, 57% used [0x0000000038540000,0x000000003cb68038,0x000000003ffc0000)

Dynamic libraries:
0x000000013f9e0000 - 0x000000013fa0d000 	C:\Program Files\MATLAB\R2012b\bin\win64\MATLAB.exe
0x0000000077780000 - 0x0000000077929000 	C:\Windows\SYSTEM32\ntdll.dll
0x0000000077660000 - 0x000000007777f000 	C:\Windows\system32\kernel32.dll
0x000007fefdc90000 - 0x000007fefdcfb000 	C:\Windows\system32\KERNELBASE.dll
0x0000000074460000 - 0x000000007451f000 	C:\Program Files\MATLAB\R2012b\bin\win64\libut.dll
0x00000000758a0000 - 0x000000007595c000 	C:\Program Files\MATLAB\R2012b\bin\win64\libmwi18n.dll
0x0000000180000000 - 0x000000018000b000 	C:\Program Files\MATLAB\R2012b\bin\win64\libmwresource_core.dll
0x0000000070d30000 - 0x0000000070e03000 	C:\Windows\WinSxS\amd64_microsoft.vc90.crt_1fc8b3b9a1e18e3b_9.0.30729.6161_none_08e61857a83bc251\MSVCP90.dll
0x0000000070c80000 - 0x0000000070d23000 	C:\Windows\WinSxS\amd64_microsoft.vc90.crt_1fc8b3b9a1e18e3b_9.0.30729.6161_none_08e61857a83bc251\MSVCR90.dll
0x000000007a170000 - 0x000000007a19c000 	C:\Program Files\MATLAB\R2012b\bin\win64\boost_filesystem-vc90-mt-1_44.dll
0x000000007a560000 - 0x000000007a569000 	C:\Program Files\MATLAB\R2012b\bin\win64\boost_system-vc90-mt-1_44.dll
0x000007fefee30000 - 0x000007fefef0b000 	C:\Windows\system32\ADVAPI32.dll
0x000007feff5a0000 - 0x000007feff63f000 	C:\Windows\system32\msvcrt.dll
0x000007feffa70000 - 0x000007feffa8f000 	C:\Windows\SYSTEM32\sechost.dll
0x000007feff8a0000 - 0x000007feff9cd000 	C:\Windows\system32\RPCRT4.dll
0x000000007a010000 - 0x000000007a035000 	C:\Program Files\MATLAB\R2012b\bin\win64\LIBEXPAT.dll
0x0000000069f30000 - 0x000000006a121000 	C:\Program Files\MATLAB\R2012b\bin\win64\icuin44.dll
0x000000006a800000 - 0x000000006a971000 	C:\Program Files\MATLAB\R2012b\bin\win64\icuuc44.dll
0x0000000010000000 - 0x0000000010e41000 	C:\Program Files\MATLAB\R2012b\bin\win64\icudt44.dll
0x0000000073f70000 - 0x000000007411d000 	C:\Program Files\MATLAB\R2012b\bin\win64\libmwfl.dll
0x0000000004250000 - 0x0000000004606000 	C:\Program Files\MATLAB\R2012b\bin\win64\libmwMATLAB_res.dll
0x000000007a3b0000 - 0x000000007a3c0000 	C:\Program Files\MATLAB\R2012b\bin\win64\boost_date_time-vc90-mt-1_44.dll
0x000000007a250000 - 0x000000007a263000 	C:\Program Files\MATLAB\R2012b\bin\win64\boost_signals-vc90-mt-1_44.dll
0x000000007a2d0000 - 0x000000007a2e2000 	C:\Program Files\MATLAB\R2012b\bin\win64\boost_thread-vc90-mt-1_44.dll
0x0000000004650000 - 0x000000000470d000 	C:\Program Files\MATLAB\R2012b\bin\win64\boost_log-vc90-mt-1_44.dll
0x0000000077950000 - 0x0000000077957000 	C:\Windows\system32\PSAPI.DLL
0x000007feff140000 - 0x000007feff18d000 	C:\Windows\system32\WS2_32.dll
0x000007feff0b0000 - 0x000007feff0b8000 	C:\Windows\system32\NSI.dll
0x0000000004720000 - 0x0000000004766000 	C:\Program Files\MATLAB\R2012b\bin\win64\tbb.dll
0x000007feff3a0000 - 0x000007feff3b7000 	C:\Windows\system32\imagehlp.dll
0x0000000073d10000 - 0x0000000073d23000 	C:\Program Files\MATLAB\R2012b\bin\win64\icuio44.dll
0x000007fef4320000 - 0x000007fef4445000 	C:\Windows\system32\dbghelp.dll
0x00000000770a0000 - 0x000000007719a000 	C:\Windows\system32\USER32.dll
0x000007fefe030000 - 0x000007fefe097000 	C:\Windows\system32\GDI32.dll
0x000007feff640000 - 0x000007feff64e000 	C:\Windows\system32\LPK.dll
0x000007feff650000 - 0x000007feff719000 	C:\Windows\system32\USP10.dll
0x0000000004790000 - 0x0000000004a6c000 	C:\Program Files\MATLAB\R2012b\bin\win64\libmwservices.dll
0x0000000075a20000 - 0x0000000075af3000 	C:\Program Files\MATLAB\R2012b\bin\win64\libmx.dll
0x0000000004a90000 - 0x0000000004ab9000 	C:\Program Files\MATLAB\R2012b\bin\win64\tbbmalloc.dll
0x000000007a210000 - 0x000000007a228000 	C:\Program Files\MATLAB\R2012b\bin\win64\zlib1.dll
0x0000000004ae0000 - 0x0000000004b2d000 	C:\Program Files\MATLAB\R2012b\bin\win64\libmwregexp.dll
0x0000000004b40000 - 0x0000000004b63000 	C:\Program Files\MATLAB\R2012b\bin\win64\libmwmfl_scalar.dll
0x0000000075f10000 - 0x0000000075f60000 	C:\Program Files\MATLAB\R2012b\bin\win64\mpath.dll
0x000000007b680000 - 0x000000007bc9a000 	C:\Program Files\MATLAB\R2012b\bin\win64\mlutil.dll
0x00000000754d0000 - 0x0000000075551000 	C:\Program Files\MATLAB\R2012b\bin\win64\xmlcore.dll
0x0000000004bb0000 - 0x0000000004e03000 	C:\Program Files\MATLAB\R2012b\bin\win64\xerces-c_2_7.dll
0x0000000004e20000 - 0x0000000004e40000 	C:\Program Files\MATLAB\R2012b\bin\win64\libmwMATLAB_settings_res.dll
0x0000000004e50000 - 0x0000000004e60000 	C:\Program Files\MATLAB\R2012b\bin\win64\boost_iostreams-vc90-mt-1_44.dll
0x0000000004e70000 - 0x0000000004eb7000 	C:\Program Files\MATLAB\R2012b\bin\win64\boost_serialization-vc90-mt-1_44.dll
0x000007fefe0a0000 - 0x000007fefee28000 	C:\Windows\system32\SHELL32.dll
0x000007feff0c0000 - 0x000007feff131000 	C:\Windows\system32\SHLWAPI.dll
0x000007fef9940000 - 0x000007fef99e0000 	C:\Windows\WinSxS\amd64_microsoft.windows.common-controls_6595b64144ccf1df_5.82.7601.17514_none_a4d6a923711520a9\COMCTL32.dll
0x000007feff800000 - 0x000007feff897000 	C:\Windows\system32\COMDLG32.dll
0x000007fefa990000 - 0x000007fefa9a6000 	C:\Windows\system32\NETAPI32.dll
0x000007fefa980000 - 0x000007fefa98c000 	C:\Windows\system32\netutils.dll
0x000007fefd750000 - 0x000007fefd773000 	C:\Windows\system32\srvcli.dll
0x000007fefa960000 - 0x000007fefa975000 	C:\Windows\system32\wkscli.dll
0x000007feff190000 - 0x000007feff393000 	C:\Windows\system32\ole32.dll
0x000007feff720000 - 0x000007feff7f7000 	C:\Windows\system32\OLEAUT32.dll
0x0000000074970000 - 0x0000000074a31000 	C:\Program Files\MATLAB\R2012b\bin\win64\mcr.dll
0x0000000075000000 - 0x00000000753e9000 	C:\Program Files\MATLAB\R2012b\bin\win64\iqm.dll
0x0000000074e80000 - 0x0000000074f38000 	C:\Program Files\MATLAB\R2012b\bin\win64\m_dispatcher.dll
0x0000000074880000 - 0x000000007496d000 	C:\Program Files\MATLAB\R2012b\bin\win64\boost_regex-vc90-mt-1_44.dll
0x000007fee56c0000 - 0x000007fee5f31000 	C:\Program Files\MATLAB\R2012b\bin\win64\m_interpreter.dll
0x0000000073ce0000 - 0x0000000073d07000 	C:\Program Files\MATLAB\R2012b\bin\win64\libmex.dll
0x0000000070e70000 - 0x0000000070ef4000 	C:\Program Files\MATLAB\R2012b\bin\win64\profiler.dll
0x0000000004f40000 - 0x00000000051aa000 	C:\Program Files\MATLAB\R2012b\bin\win64\libmwmathutil.dll
0x0000000079f40000 - 0x0000000079f6e000 	C:\Program Files\MATLAB\R2012b\bin\win64\libmwmathrng.dll
0x00000000051d0000 - 0x00000000051e2000 	C:\Program Files\MATLAB\R2012b\bin\win64\libmwmfl_rng.dll
0x0000000074c10000 - 0x0000000074cee000 	C:\Program Files\MATLAB\R2012b\bin\win64\libmwmathcore.dll
0x0000000076160000 - 0x00000000761ca000 	C:\Program Files\MATLAB\R2012b\bin\win64\libmwspmatrix.dll
0x0000000075ea0000 - 0x0000000075f02000 	C:\Program Files\MATLAB\R2012b\bin\win64\libmwcholmod.dll
0x000000007a460000 - 0x000000007a46d000 	C:\Program Files\MATLAB\R2012b\bin\win64\libmwamd.dll
0x000000007a4b0000 - 0x000000007a4bc000 	C:\Program Files\MATLAB\R2012b\bin\win64\libmwcolamd.dll
0x000000007a290000 - 0x000000007a2a9000 	C:\Program Files\MATLAB\R2012b\bin\win64\libmwblas.dll
0x000000007a310000 - 0x000000007a321000 	C:\Program Files\MATLAB\R2012b\bin\win64\libmwbinder.dll
0x000000007a4d0000 - 0x000000007a4dc000 	C:\Program Files\MATLAB\R2012b\bin\win64\libmwompwrapper.dll
0x0000000005280000 - 0x0000000005305000 	C:\Program Files\MATLAB\R2012b\bin\win64\libmwlapack.dll
0x00000000737d0000 - 0x00000000737f1000 	C:\Program Files\MATLAB\R2012b\bin\win64\m_pcodeio.dll
0x0000000079b10000 - 0x0000000079b77000 	C:\Program Files\MATLAB\R2012b\bin\win64\m_ir.dll
0x00000000656f0000 - 0x0000000065d60000 	C:\Program Files\MATLAB\R2012b\bin\win64\m_parser.dll
0x0000000073ea0000 - 0x0000000073eba000 	C:\Program Files\MATLAB\R2012b\bin\win64\ir_xfmr.dll
0x000007fee70c0000 - 0x000007fee7356000 	C:\Program Files\MATLAB\R2012b\bin\win64\mcos.dll
0x0000000073950000 - 0x0000000073961000 	C:\Program Files\MATLAB\R2012b\bin\win64\mtok.dll
0x0000000073790000 - 0x00000000737c1000 	C:\Program Files\MATLAB\R2012b\bin\win64\m_pcodegen.dll
0x0000000079fb0000 - 0x0000000079fe6000 	C:\Program Files\MATLAB\R2012b\bin\win64\libmwbridge.dll
0x000000006df60000 - 0x000000006e028000 	C:\Program Files\MATLAB\R2012b\bin\win64\udd.dll
0x0000000069dd0000 - 0x0000000069f22000 	C:\Program Files\MATLAB\R2012b\bin\win64\libmwgui.dll
0x0000000073930000 - 0x0000000073947000 	C:\Program Files\MATLAB\R2012b\bin\win64\graphics_util.dll
0x00000000633c0000 - 0x0000000063e1f000 	C:\Program Files\MATLAB\R2012b\bin\win64\hg.dll
0x00000000053e0000 - 0x0000000005448000 	C:\Program Files\MATLAB\R2012b\bin\win64\libmat.dll
0x0000000072d30000 - 0x0000000072f44000 	C:\Program Files\MATLAB\R2012b\bin\win64\hdf5dll.dll
0x0000000075710000 - 0x00000000757de000 	C:\Program Files\MATLAB\R2012b\bin\win64\jmi.dll
0x0000000005480000 - 0x000000000548d000 	C:\Program Files\MATLAB\R2012b\bin\win64\nativejava_services.dll
0x0000000073540000 - 0x0000000073586000 	C:\Program Files\MATLAB\R2012b\bin\win64\libmwhardcopy.dll
0x000000006def0000 - 0x000000006df53000 	C:\Program Files\MATLAB\R2012b\bin\win64\libuij.dll
0x0000000068550000 - 0x00000000687b4000 	C:\Program Files\MATLAB\R2012b\bin\win64\hgdatatypes.dll
0x0000000069cb0000 - 0x0000000069dcf000 	C:\Program Files\MATLAB\R2012b\bin\win64\hgutils.dll
0x0000000069bf0000 - 0x0000000069cb0000 	C:\Program Files\MATLAB\R2012b\bin\win64\udd_mi.dll
0x00000000054f0000 - 0x000000000552b000 	C:\Program Files\MATLAB\R2012b\bin\win64\libmwgbtutils.dll
0x0000000005540000 - 0x000000000555b000 	C:\Program Files\MATLAB\R2012b\bin\win64\libmwgbt.dll
0x0000000005570000 - 0x0000000005841000 	C:\Program Files\MATLAB\R2012b\bin\win64\uiw.dll
0x0000000073920000 - 0x000000007392f000 	C:\Program Files\MATLAB\R2012b\bin\win64\uinone.dll
0x0000000005870000 - 0x0000000005899000 	C:\Program Files\MATLAB\R2012b\bin\win64\libmwnativefiledialogs.dll
0x00000000058b0000 - 0x00000000058b8000 	C:\Program Files\MATLAB\R2012b\bin\win64\libmwplatform_res.dll
0x000007fef95d0000 - 0x000007fef95e8000 	C:\Windows\system32\MPR.dll
0x0000000068060000 - 0x0000000068544000 	C:\Windows\WinSxS\amd64_microsoft.vc90.mfc_1fc8b3b9a1e18e3b_9.0.30729.6161_none_044aad0bab1eb146\mfc90.dll
0x000007fef9e50000 - 0x000007fef9e57000 	C:\Windows\system32\MSIMG32.dll
0x000007fef9dd0000 - 0x000007fef9e41000 	C:\Windows\system32\WINSPOOL.DRV
0x0000000073760000 - 0x0000000073782000 	C:\Program Files\MATLAB\R2012b\bin\win64\mwoles05.DLL
0x000000006a780000 - 0x000000006a7fd000 	C:\Program Files\MATLAB\R2012b\bin\win64\comcli.dll
0x0000000073e40000 - 0x0000000073e6f000 	C:\Windows\WinSxS\amd64_microsoft.vc90.atl_1fc8b3b9a1e18e3b_9.0.30729.6161_none_0a1fd3a3a768b895\ATL90.DLL
0x0000000073840000 - 0x000000007384c000 	C:\Program Files\MATLAB\R2012b\bin\win64\mlautoregister.dll
0x000007fefef70000 - 0x000007fefef9e000 	C:\Windows\system32\IMM32.DLL
0x000007fefefa0000 - 0x000007feff0a9000 	C:\Windows\system32\MSCTF.dll
0x000007fefc320000 - 0x000007fefc376000 	C:\Windows\system32\UxTheme.dll
0x000007fefbf00000 - 0x000007fefbf18000 	C:\Windows\system32\dwmapi.dll
0x0000000005a40000 - 0x0000000005a4d000 	C:\Windows\WinSxS\amd64_microsoft.vc90.mfcloc_1fc8b3b9a1e18e3b_9.0.30729.6161_none_01c9581e60cbee58\MFC90ENU.DLL
0x000007fefdbe0000 - 0x000007fefdbef000 	C:\Windows\system32\profapi.dll
0x0000000005a70000 - 0x0000000005a7f000 	C:\Program Files\MATLAB\R2012b\bin\win64\xmlxrcsc.dll
0x000007fefdb10000 - 0x000007fefdb1f000 	C:\Windows\system32\CRYPTBASE.dll
0x000007fefc530000 - 0x000007fefc724000 	C:\Windows\WinSxS\amd64_microsoft.windows.common-controls_6595b64144ccf1df_6.0.7601.17514_none_fa396087175ac9ac\comctl32.dll
0x000007feff9d0000 - 0x000007feffa69000 	C:\Windows\system32\CLBCatQ.DLL
0x000007fefc380000 - 0x000007fefc4ac000 	C:\Windows\system32\propsys.dll
0x000007fefc500000 - 0x000007fefc52d000 	C:\Windows\system32\ntmarta.dll
0x000007fefef10000 - 0x000007fefef62000 	C:\Windows\system32\WLDAP32.dll
0x000007feff3c0000 - 0x000007feff597000 	C:\Windows\system32\SETUPAPI.dll
0x000007fefdda0000 - 0x000007fefddd6000 	C:\Windows\system32\CFGMGR32.dll

VM Arguments:
jvm_args: -Xss512k -XX:PermSize=32m -Xms64m -XX:NewRatio=3 -XX:MaxPermSize=128m -Xmx196m -XX:MaxDirectMemorySize=2147400000 -Dsun.java2d.noddraw=true -Dsun.awt.nopixfmt=true -Xshare:off -Xrs -Dsun.awt.disableMixing=true -Djava.library.path=C:\Program Files\MATLAB\R2012b\bin\win64;C:\Program Files\MATLAB\R2012b\sys\jxbrowser\win64\lib vfprintf abort 
java_command: <unknown>
Launcher Type: generic

Environment Variables:
PATH= Files (x86)\Common Files\Microsoft Shared\Windows Live;C:\Program Files (x86)\NVIDIA Corporation\PhysX\Common;C:\Windows\system32;C:\Windows;C:\Windows\System32\Wbem;C:\Windows\System32\WindowsPowerShell\v1.0\;C:\Program Files (x86)\Sony\VAIO Startup Setting Tool;C:\Program Files (x86)\Windows Live\Shared;C:\Dwimperl\perl\bin;C:\Dwimperl\perl\site\bin;C:\Dwimperl\c\bin;C:\Program Files\Java\jdk1.7.0_25\bin;C:\python27;C:\Program Files\MATLAB\R2012b\runtime\win64;C:\Program Files\MATLAB\R2012b\bin;C:\Program Files\Microsoft Windows Performance Toolkit\
USERNAME=Nitesh
OS=Windows_NT
PROCESSOR_IDENTIFIER=Intel64 Family 6 Model 42 Stepping 7, GenuineIntel



---------------  S Y S T E M  ---------------

OS: Windows 7 Build 7601 Service Pack 1

CPU:total 4 (8 cores per cpu, 2 threads per core) family 6 model 42 stepping 7, cmov, cx8, fxsr, mmx, sse, sse2, sse3, ssse3, sse4.1, sse4.2, ht

Memory: 4k page, physical 6272880k(1214556k free), swap 12543912k(6719668k free)

vm_info: Java HotSpot(TM) 64-Bit Server VM (14.3-b01) for windows-amd64 JRE (1.6.0_17-b04), built on Oct 11 2009 00:46:08 by "java_re" with MS VC++ 8.0

time: Mon Nov 25 22:48:40 2013
elapsed time: 4681 seconds

